  Renderer.cpp
c:\dev\opengl\opengl3d colors lighting\graphics\opengl3d\src\inputpolling.h(7): warning C4244: 'initializing': conversion from 'double' to 'float', possible loss of data
c:\dev\opengl\opengl3d colors lighting\graphics\opengl3d\src\renderer.cpp(156): warning C4244: 'initializing': conversion from 'double' to 'float', possible loss of data
c:\dev\opengl\opengl3d colors lighting\graphics\opengl3d\src\renderer.cpp(202): warning C4244: 'argument': conversion from 'double' to 'const float', possible loss of data
  Shader.cpp
  Window.cpp
c:\dev\opengl\opengl3d colors lighting\graphics\opengl3d\src\window.cpp(36): warning C4244: 'argument': conversion from 'float' to 'int', possible loss of data
c:\dev\opengl\opengl3d colors lighting\graphics\opengl3d\src\window.cpp(57): warning C4244: '=': conversion from 'double' to 'float', possible loss of data
c:\dev\opengl\opengl3d colors lighting\graphics\opengl3d\src\window.cpp(58): warning C4244: '=': conversion from 'double' to 'float', possible loss of data
c:\dev\opengl\opengl3d colors lighting\graphics\opengl3d\src\window.cpp(62): warning C4244: 'initializing': conversion from 'double' to 'float', possible loss of data
c:\dev\opengl\opengl3d colors lighting\graphics\opengl3d\src\window.cpp(63): warning C4244: 'initializing': conversion from 'double' to 'float', possible loss of data
c:\dev\opengl\opengl3d colors lighting\graphics\opengl3d\src\window.cpp(65): warning C4244: '=': conversion from 'double' to 'float', possible loss of data
c:\dev\opengl\opengl3d colors lighting\graphics\opengl3d\src\window.cpp(66): warning C4244: '=': conversion from 'double' to 'float', possible loss of data
c:\dev\opengl\opengl3d colors lighting\graphics\opengl3d\src\window.cpp(68): warning C4305: 'initializing': truncation from 'double' to 'float'
  main.cpp
  stb_image.cpp
  Generating Code...
  Opengl3D.vcxproj -> C:\dev\Opengl\Opengl3D Colors Lighting\Graphics\Opengl3D\..\bin\Debug-windows-x86_64\Opengl3D\Opengl3D.exe

Project Performance Summary:
        2 ms  C:\dev\Opengl\Opengl3D Colors Lighting\Graphics\vendor\imgui\ImGui.vcxproj   4 calls
                  0 ms  GetTargetPath                              1 calls
                  0 ms  GetNativeManifest                          1 calls
                  2 ms  GetResolvedLinkLibs                        1 calls
                  0 ms  GetCopyToOutputDirectoryItems              1 calls
        5 ms  C:\dev\Opengl\Opengl3D Colors Lighting\Graphics\vendor\Esm\Esm\Esm.vcxproj   4 calls
                  1 ms  GetTargetPath                              1 calls
                  1 ms  GetNativeManifest                          1 calls
                  2 ms  GetResolvedLinkLibs                        1 calls
                  1 ms  GetCopyToOutputDirectoryItems              1 calls
       11 ms  C:\dev\Opengl\Opengl3D Colors Lighting\Graphics\vendor\GLFW\GLFW.vcxproj   4 calls
                  1 ms  GetTargetPath                              1 calls
                  7 ms  GetNativeManifest                          1 calls
                  3 ms  GetResolvedLinkLibs                        1 calls
                  0 ms  GetCopyToOutputDirectoryItems              1 calls
       11 ms  C:\dev\Opengl\Opengl3D Colors Lighting\Graphics\vendor\Glad\Glad.vcxproj   4 calls
                  1 ms  GetTargetPath                              1 calls
                  8 ms  GetNativeManifest                          1 calls
                  2 ms  GetResolvedLinkLibs                        1 calls
                  0 ms  GetCopyToOutputDirectoryItems              1 calls
    31619 ms  C:\dev\Opengl\Opengl3D Colors Lighting\Graphics\Opengl3D\Opengl3D.vcxproj   1 calls
              31619 ms  Build                                      1 calls

Target Performance Summary:
        0 ms  _ResourceCompile                           1 calls
        0 ms  CreateCustomManifestResourceNames          1 calls
        0 ms  ComputeResolveLinkObj                      1 calls
        0 ms  ComputeLinkInputsFromProject               1 calls
        0 ms  ComputeCustomBuildOutput                   1 calls
        0 ms  ComputeManifestGeneratedLinkerInputs       1 calls
        0 ms  ComputeRCOutputs                           1 calls
        0 ms  BeforeLink                                 1 calls
        0 ms  BuildLinkTraverse                          1 calls
        0 ms  BuildCompile                               1 calls
        0 ms  _BuildCompileAction                        1 calls
        0 ms  AfterBuildCompileEvent                     1 calls
        0 ms  AfterResourceCompile                       1 calls
        0 ms  MakeDirsForResourceCompile                 1 calls
        0 ms  BeforeResourceCompile                      1 calls
        0 ms  AfterClCompile                             1 calls
        0 ms  SelectClCompile                            1 calls
        0 ms  SelectCustomBuild                          1 calls
        0 ms  PrepareResourceNames                       1 calls
        0 ms  PreLinkEvent                               1 calls
        0 ms  AfterLink                                  1 calls
        0 ms  _Link                                      1 calls
        0 ms  AfterBuild                                 1 calls
        0 ms  BuildLink                                  1 calls
        0 ms  _BuildLinkAction                           1 calls
        0 ms  PostBuildEvent                             1 calls
        0 ms  PrepareForRun                              1 calls
        0 ms  _CopySourceItemsToOutputDirectory          1 calls
        0 ms  GetCopyToOutputDirectoryXamlAppDefs        1 calls
        0 ms  _Deploy                                    1 calls
        0 ms  BeforeClCompile                            1 calls
        0 ms  _Appverifier                               1 calls
        0 ms  _GenerateSatelliteAssemblyInputs           1 calls
        0 ms  _BscMake                                   1 calls
        0 ms  ComputeCLCompileGeneratedSbrFiles          1 calls
        0 ms  _XdcMake                                   1 calls
        0 ms  MakeDirsForXdcMake                         1 calls
        0 ms  ResolvedXDCMake                            1 calls
        0 ms  RegisterOutput                             1 calls
        0 ms  _ALink                                     1 calls
        0 ms  CreateSatelliteAssemblies                  1 calls
        0 ms  BuildCompileTraverse                       1 calls
        0 ms  Build                                      1 calls
        0 ms  _BuildGenerateSourcesAction                1 calls
        0 ms  PrepareProjectReferences                   1 calls
        0 ms  AfterResolveReferences                     1 calls
        0 ms  BuildGenerateSourcesTraverse               1 calls
        0 ms  BeforeBuildGenerateSources                 1 calls
        0 ms  PlatformPrepareForBuild                    1 calls
        0 ms  _SelectedFiles                             1 calls
        0 ms  ResolveAssemblyReferences                  1 calls
        0 ms  _Xsd                                       1 calls
        0 ms  BuildGenerateSources                       1 calls
        0 ms  ResolveReferences                          1 calls
        0 ms  MakeDirsForMidl                            1 calls
        0 ms  AfterMidl                                  1 calls
        0 ms  _Midl                                      1 calls
        0 ms  BeforeResolveReferences                    1 calls
        0 ms  AfterBuildGenerateSources                  1 calls
        0 ms  AfterBuildGenerateSourcesEvent             1 calls
        0 ms  _RemoveNameMetadataFromProjectReferenceItems   1 calls
        0 ms  ExpandSDKReferences                        1 calls
        0 ms  _PrepareForBuild                           1 calls
        0 ms  ResolveSDKReferences                       1 calls
        0 ms  ComputeMIDLGeneratedCompileInputs          1 calls
        0 ms  GetResolvedWinMD                           1 calls
        1 ms  PreBuildEvent                              1 calls
        1 ms  _ClCompile                                 1 calls
        1 ms  _CheckForCompileOutputs                    1 calls
        1 ms  MakeDirsForCl                              1 calls
        1 ms  ComputeCLCompileGeneratedXDCFiles          1 calls
        1 ms  ComputeLinkSwitches                        1 calls
        1 ms  SetTelemetryEnvironmentVariables           1 calls
        1 ms  GetReferenceAssemblyPaths                  1 calls
        1 ms  ComputeLegacyManifestEmbedding             1 calls
        1 ms  ComputeCLOutputs                           1 calls
        1 ms  _Manifest                                  1 calls
        1 ms  CopyFilesToOutputDirectory                 1 calls
        1 ms  SetBuildDefaultEnvironmentVariables        1 calls
        1 ms  ComputeCLGeneratedLinkInputs               1 calls
        1 ms  _PrepareForReferenceResolution             1 calls
        1 ms  ComputeRCGeneratedLinkInputs               1 calls
        1 ms  GetFrameworkPaths                          1 calls
        1 ms  ComputeLinkImportLibraryOutputsForClean    1 calls
        1 ms  _CheckWindowsSDKInstalled                  1 calls
        1 ms  SetCABuildNativeEnvironmentVariables       1 calls
        1 ms  _HandlePackageFileConflicts                1 calls
        1 ms  FixupCLCompileOptions                      1 calls
        1 ms  ComputeManifestInputsTargets               1 calls
        1 ms  ComputeCLInputPDBName                      1 calls
        1 ms  MakeDirsForBscMake                         1 calls
        1 ms  CopyFileToFolders                          1 calls
        1 ms  _CheckForInvalidConfigurationAndPlatform   1 calls
        2 ms  GetTargetPath                              4 calls
        2 ms  ComputeReferenceLinkInputs                 1 calls
        2 ms  DoLinkOutputFilesMatch                     1 calls
        2 ms  MakeDirsForLink                            1 calls
        5 ms  _GetProjectReferenceTargetFrameworkProperties   1 calls
        5 ms  ComputeReferenceCLInput                    1 calls
        5 ms  GetResolvedLinkLibs                        4 calls
        7 ms  PrepareForBuild                            1 calls
        7 ms  FinalizeBuildStatus                        1 calls
        9 ms  AssignTargetPaths                          1 calls
       10 ms  InitializeBuildStatus                      1 calls
       14 ms  GetNativeManifest                          4 calls
       21 ms  GetCopyToOutputDirectoryItems              1 calls
       23 ms  ResolvedLinkLib                            5 calls
       27 ms  _SplitProjectReferencesByFileExistence     1 calls
       31 ms  SplitResourcesByCulture                    1 calls
       49 ms  AssignProjectConfiguration                 1 calls
      211 ms  ResolveProjectReferences                   1 calls
    13392 ms  ClCompile                                  1 calls
    17777 ms  Link                                       1 calls

Task Performance Summary:
        0 ms  Message                                    3 calls
        0 ms  ResolvePackageFileConflicts                1 calls
        1 ms  GetOutOfDateItems                          1 calls
        2 ms  MakeDir                                    9 calls
        2 ms  SetEnv                                     8 calls
        3 ms  ReadLinesFromFile                          1 calls
        4 ms  WriteLinesToFile                           1 calls
        4 ms  Delete                                     1 calls
        5 ms  Touch                                      2 calls
        8 ms  AssignTargetPath                           6 calls
       17 ms  ResolveNonMSBuildProjectOutput             1 calls
       25 ms  AssignCulture                              1 calls
       48 ms  AssignProjectConfiguration                 1 calls
      249 ms  MSBuild                                    4 calls
    13388 ms  CL                                         1 calls
    17769 ms  Link                                       1 calls
