  Mat4x4.cpp
c:\dev\opengl\opengl3d\vendor\esm\esm\esmath\src\mat4x4.cpp(245): warning C4244: 'initializing': conversion from 'double' to 'float', possible loss of data
  Math_Util.cpp
  Vec3.cpp
  EulerAngles.cpp
  Quaternion.cpp
c:\dev\opengl\opengl3d\vendor\esm\esm\esmath\src\quaternion.cpp(35): warning C4244: 'initializing': conversion from 'double' to 'float', possible loss of data
c:\dev\opengl\opengl3d\vendor\esm\esm\esmath\src\quaternion.cpp(36): warning C4244: 'initializing': conversion from 'double' to 'float', possible loss of data
c:\dev\opengl\opengl3d\vendor\esm\esm\esmath\src\quaternion.cpp(54): warning C4244: '=': conversion from 'double' to 'float', possible loss of data
c:\dev\opengl\opengl3d\vendor\esm\esm\esmath\src\quaternion.cpp(55): warning C4244: '=': conversion from 'double' to 'float', possible loss of data
c:\dev\opengl\opengl3d\vendor\esm\esm\esmath\src\quaternion.cpp(74): warning C4244: '=': conversion from 'double' to 'float', possible loss of data
c:\dev\opengl\opengl3d\vendor\esm\esm\esmath\src\quaternion.cpp(75): warning C4244: '=': conversion from 'double' to 'float', possible loss of data
c:\dev\opengl\opengl3d\vendor\esm\esm\esmath\src\quaternion.cpp(87): warning C4244: 'initializing': conversion from 'double' to 'float', possible loss of data
c:\dev\opengl\opengl3d\vendor\esm\esm\esmath\src\quaternion.cpp(88): warning C4244: 'initializing': conversion from 'double' to 'float', possible loss of data
c:\dev\opengl\opengl3d\vendor\esm\esm\esmath\src\quaternion.cpp(98): warning C4244: 'initializing': conversion from 'double' to 'float', possible loss of data
c:\dev\opengl\opengl3d\vendor\esm\esm\esmath\src\quaternion.cpp(99): warning C4244: 'initializing': conversion from 'double' to 'float', possible loss of data
c:\dev\opengl\opengl3d\vendor\esm\esm\esmath\src\quaternion.cpp(109): warning C4244: 'initializing': conversion from 'double' to 'float', possible loss of data
c:\dev\opengl\opengl3d\vendor\esm\esm\esmath\src\quaternion.cpp(110): warning C4244: 'initializing': conversion from 'double' to 'float', possible loss of data
  Generating Code...
  Esm.vcxproj -> C:\dev\Opengl\Opengl3D\bin\Debug\Win32\Esm.lib

Project Performance Summary:
     9224 ms  C:\dev\Opengl\Opengl3D\vendor\Esm\Esm\Esm.vcxproj   1 calls
               9224 ms  Build                                      1 calls

Target Performance Summary:
        0 ms  Build                                      1 calls
        0 ms  AfterBuildGenerateSourcesEvent             1 calls
        0 ms  _BuildGenerateSourcesAction                1 calls
        0 ms  BuildGenerateSources                       1 calls
        0 ms  _XdcMake                                   1 calls
        0 ms  BeforeClCompile                            1 calls
        0 ms  ComputeCLInputPDBName                      1 calls
        0 ms  MakeDirsForXdcMake                         1 calls
        0 ms  ComputeCLCompileGeneratedXDCFiles          1 calls
        0 ms  FixupCLCompileOptions                      1 calls
        0 ms  ResolvedXDCMake                            1 calls
        0 ms  SelectCustomBuild                          1 calls
        0 ms  SelectClCompile                            1 calls
        0 ms  _Manifest                                  1 calls
        0 ms  AfterClCompile                             1 calls
        0 ms  AfterBuildGenerateSources                  1 calls
        0 ms  _ALink                                     1 calls
        0 ms  MakeDirsForResourceCompile                 1 calls
        0 ms  AfterResourceCompile                       1 calls
        0 ms  _ResourceCompile                           1 calls
        0 ms  BeforeLib                                  1 calls
        0 ms  BuildLinkTraverse                          1 calls
        0 ms  ComputeRCOutputs                           1 calls
        0 ms  ComputeRCGeneratedLibInputs                1 calls
        0 ms  ComputeCustomBuildOutput                   1 calls
        0 ms  BuildCompile                               1 calls
        0 ms  ComputeCLGeneratedLibInputs                1 calls
        0 ms  ComputeLibInputsFromProject                1 calls
        0 ms  _BuildCompileAction                        1 calls
        0 ms  AfterBuildCompileEvent                     1 calls
        0 ms  PreLinkEvent                               1 calls
        0 ms  BeforeResourceCompile                      1 calls
        0 ms  _Midl                                      1 calls
        0 ms  AfterMidl                                  1 calls
        0 ms  ComputeMIDLGeneratedCompileInputs          1 calls
        0 ms  AfterBuild                                 1 calls
        0 ms  _PrepareForBuild                           1 calls
        0 ms  BuildLink                                  1 calls
        0 ms  BeforeResolveReferences                    1 calls
        0 ms  _BuildLinkAction                           1 calls
        0 ms  _SplitProjectReferencesByFileExistence     1 calls
        0 ms  PostBuildEvent                             1 calls
        0 ms  PrepareProjectReferences                   1 calls
        0 ms  PrepareForRun                              1 calls
        0 ms  GetFrameworkPaths                          1 calls
        0 ms  GetReferenceAssemblyPaths                  1 calls
        0 ms  _CopySourceItemsToOutputDirectory          1 calls
        0 ms  GetCopyToOutputDirectoryXamlAppDefs        1 calls
        0 ms  PlatformPrepareForBuild                    1 calls
        0 ms  _Deploy                                    1 calls
        0 ms  SetCABuildNativeEnvironmentVariables       1 calls
        0 ms  _Appverifier                               1 calls
        0 ms  ComputeCLCompileGeneratedSbrFiles          1 calls
        0 ms  _Xsd                                       1 calls
        0 ms  MakeDirsForBscMake                         1 calls
        0 ms  _SelectedFiles                             1 calls
        0 ms  PreBuildEvent                              1 calls
        0 ms  BeforeBuildGenerateSources                 1 calls
        0 ms  _Lib                                       1 calls
        0 ms  BuildGenerateSourcesTraverse               1 calls
        0 ms  ResolveReferences                          1 calls
        0 ms  AfterResolveReferences                     1 calls
        0 ms  ResolveAssemblyReferences                  1 calls
        0 ms  CreateSatelliteAssemblies                  1 calls
        0 ms  ExpandSDKReferences                        1 calls
        0 ms  ResolveSDKReferences                       1 calls
        0 ms  _BscMake                                   1 calls
        0 ms  AfterLib                                   1 calls
        1 ms  _ClCompile                                 1 calls
        1 ms  SetBuildDefaultEnvironmentVariables        1 calls
        1 ms  SetTelemetryEnvironmentVariables           1 calls
        1 ms  MakeDirsForMidl                            1 calls
        1 ms  _GenerateSatelliteAssemblyInputs           1 calls
        1 ms  GetCopyToOutputDirectoryItems              1 calls
        1 ms  RegisterOutput                             1 calls
        1 ms  _CheckWindowsSDKInstalled                  1 calls
        1 ms  _PrepareForReferenceResolution             1 calls
        1 ms  ComputeLegacyManifestEmbedding             1 calls
        1 ms  ResolveProjectReferences                   1 calls
        1 ms  DoLibOutputFilesMatch                      1 calls
        1 ms  AssignTargetPaths                          1 calls
        1 ms  ComputeReferenceCLInput                    1 calls
        1 ms  BuildCompileTraverse                       1 calls
        1 ms  _CheckForCompileOutputs                    1 calls
        1 ms  GetResolvedWinMD                           1 calls
        1 ms  ComputeLibAdditionalOptions                1 calls
        2 ms  MakeDirsForLib                             1 calls
        2 ms  MakeDirsForCl                              1 calls
        2 ms  CopyFileToFolders                          1 calls
        3 ms  WarnCompileDuplicatedFilename              1 calls
        3 ms  _HandlePackageFileConflicts                1 calls
        3 ms  _GetProjectReferenceTargetFrameworkProperties   1 calls
        4 ms  ComputeCLOutputs                           1 calls
        6 ms  FinalizeBuildStatus                        1 calls
       10 ms  InitializeBuildStatus                      1 calls
       10 ms  _CheckForInvalidConfigurationAndPlatform   1 calls
       11 ms  AssignProjectConfiguration                 1 calls
       21 ms  PrepareForBuild                            1 calls
       41 ms  CopyFilesToOutputDirectory                 1 calls
      619 ms  Lib                                        1 calls
     8461 ms  ClCompile                                  1 calls

Task Performance Summary:
        0 ms  ReadLinesFromFile                          1 calls
        1 ms  GetOutOfDateItems                          1 calls
        1 ms  AssignTargetPath                           6 calls
        1 ms  MSBuild                                    1 calls
        1 ms  Message                                    3 calls
        2 ms  SetEnv                                     8 calls
        3 ms  ResolvePackageFileConflicts                1 calls
        3 ms  Delete                                     2 calls
        4 ms  Touch                                      2 calls
        7 ms  WriteLinesToFile                           1 calls
       11 ms  AssignProjectConfiguration                 1 calls
       16 ms  MakeDir                                    9 calls
       40 ms  Copy                                       1 calls
      618 ms  LIB                                        1 calls
     8447 ms  CL                                         1 calls
